# JRE version: Java(TM) SE Runtime Environment (8.0_151-b12) (build 1.8.0_151-b12)
# Java VM: Java HotSpot(TM) 64-Bit Server VM (25.151-b12 mixed mode linux-amd64 compressed oops)
Heap:
 PSYoungGen      total 310784K, used 17904K [0x00000000eab00000, 0x00000000fec00000, 0x0000000100000000)
  eden space 292864K, 0% used [0x00000000eab00000,0x00000000eab00000,0x00000000fc900000)
  from space 17920K, 99% used [0x00000000fc900000,0x00000000fda7c2f8,0x00000000fda80000)
  to   space 15360K, 0% used [0x00000000fdd00000,0x00000000fdd00000,0x00000000fec00000)
 ParOldGen       total 64000K, used 23572K [0x00000000c0000000, 0x00000000c3e80000, 0x00000000eab00000)
  object space 64000K, 36% used [0x00000000c0000000,0x00000000c17050c8,0x00000000c3e80000)
 Metaspace       used 73271K, capacity 76410K, committed 76632K, reserved 1114112K
  class space    used 9851K, capacity 12556K, committed 12632K, reserved 1048576K
GC Heap History (10 events):
Event: 2.810 GC heap after
Heap after GC invocations=9 (full 1):
 PSYoungGen      total 227840K, used 8202K [0x00000000eab00000, 0x00000000fa280000, 0x0000000100000000)
  eden space 216064K, 0% used [0x00000000eab00000,0x00000000eab00000,0x00000000f7e00000)
  from space 11776K, 69% used [0x00000000f8a00000,0x00000000f9202818,0x00000000f9580000)
  to   space 12288K, 0% used [0x00000000f7e00000,0x00000000f7e00000,0x00000000f8a00000)
 ParOldGen       total 30720K, used 10964K [0x00000000c0000000, 0x00000000c1e00000, 0x00000000eab00000)
  object space 30720K, 35% used [0x00000000c0000000,0x00000000c0ab50a0,0x00000000c1e00000)
 Metaspace       used 34979K, capacity 35172K, committed 35416K, reserved 1079296K
  class space    used 4848K, capacity 4915K, committed 4952K, reserved 1048576K
}
Event: 2.810 GC heap before
{Heap before GC invocations=10 (full 2):
 PSYoungGen      total 227840K, used 8202K [0x00000000eab00000, 0x00000000fa280000, 0x0000000100000000)
  eden space 216064K, 0% used [0x00000000eab00000,0x00000000eab00000,0x00000000f7e00000)
  from space 11776K, 69% used [0x00000000f8a00000,0x00000000f9202818,0x00000000f9580000)
  to   space 12288K, 0% used [0x00000000f7e00000,0x00000000f7e00000,0x00000000f8a00000)
 ParOldGen       total 30720K, used 10964K [0x00000000c0000000, 0x00000000c1e00000, 0x00000000eab00000)
  object space 30720K, 35% used [0x00000000c0000000,0x00000000c0ab50a0,0x00000000c1e00000)
 Metaspace       used 34979K, capacity 35172K, committed 35416K, reserved 1079296K
  class space    used 4848K, capacity 4915K, committed 4952K, reserved 1048576K
Event: 2.862 GC heap after
Heap after GC invocations=10 (full 2):
 PSYoungGen      total 227840K, used 0K [0x00000000eab00000, 0x00000000fa280000, 0x0000000100000000)
  eden space 216064K, 0% used [0x00000000eab00000,0x00000000eab00000,0x00000000f7e00000)
  from space 11776K, 0% used [0x00000000f8a00000,0x00000000f8a00000,0x00000000f9580000)
  to   space 12288K, 0% used [0x00000000f7e00000,0x00000000f7e00000,0x00000000f8a00000)
 ParOldGen       total 46592K, used 12459K [0x00000000c0000000, 0x00000000c2d80000, 0x00000000eab00000)
  object space 46592K, 26% used [0x00000000c0000000,0x00000000c0c2ac40,0x00000000c2d80000)
 Metaspace       used 34979K, capacity 35172K, committed 35416K, reserved 1079296K
  class space    used 4848K, capacity 4915K, committed 4952K, reserved 1048576K
}
Event: 5.365 GC heap before
{Heap before GC invocations=11 (full 2):
 PSYoungGen      total 227840K, used 216064K [0x00000000eab00000, 0x00000000fa280000, 0x0000000100000000)
  eden space 216064K, 100% used [0x00000000eab00000,0x00000000f7e00000,0x00000000f7e00000)
  from space 11776K, 0% used [0x00000000f8a00000,0x00000000f8a00000,0x00000000f9580000)
  to   space 12288K, 0% used [0x00000000f7e00000,0x00000000f7e00000,0x00000000f8a00000)
 ParOldGen       total 46592K, used 12459K [0x00000000c0000000, 0x00000000c2d80000, 0x00000000eab00000)
  object space 46592K, 26% used [0x00000000c0000000,0x00000000c0c2ac40,0x00000000c2d80000)
 Metaspace       used 51118K, capacity 51418K, committed 51672K, reserved 1093632K
  class space    used 6752K, capacity 6850K, committed 6872K, reserved 1048576K
Event: 5.400 GC heap after
Heap after GC invocations=11 (full 2):
 PSYoungGen      total 228352K, used 12271K [0x00000000eab00000, 0x00000000fed80000, 0x0000000100000000)
  eden space 216064K, 0% used [0x00000000eab00000,0x00000000eab00000,0x00000000f7e00000)
  from space 12288K, 99% used [0x00000000f7e00000,0x00000000f89fbca0,0x00000000f8a00000)
  to   space 16896K, 0% used [0x00000000fdd00000,0x00000000fdd00000,0x00000000fed80000)
 ParOldGen       total 46592K, used 19607K [0x00000000c0000000, 0x00000000c2d80000, 0x00000000eab00000)
  object space 46592K, 42% used [0x00000000c0000000,0x00000000c1325e00,0x00000000c2d80000)
 Metaspace       used 51118K, capacity 51418K, committed 51672K, reserved 1093632K
  class space    used 6752K, capacity 6850K, committed 6872K, reserved 1048576K
}
Event: 6.562 GC heap before
{Heap before GC invocations=12 (full 2):
 PSYoungGen      total 228352K, used 204299K [0x00000000eab00000, 0x00000000fed80000, 0x0000000100000000)
  eden space 216064K, 88% used [0x00000000eab00000,0x00000000f6687230,0x00000000f7e00000)
  from space 12288K, 99% used [0x00000000f7e00000,0x00000000f89fbca0,0x00000000f8a00000)
  to   space 16896K, 0% used [0x00000000fdd00000,0x00000000fdd00000,0x00000000fed80000)
 ParOldGen       total 46592K, used 19607K [0x00000000c0000000, 0x00000000c2d80000, 0x00000000eab00000)
  object space 46592K, 42% used [0x00000000c0000000,0x00000000c1325e00,0x00000000c2d80000)
 Metaspace       used 58259K, capacity 58688K, committed 58968K, reserved 1099776K
  class space    used 7505K, capacity 7689K, committed 7768K, reserved 1048576K
Event: 6.594 GC heap after
Heap after GC invocations=12 (full 2):
 PSYoungGen      total 308224K, used 13037K [0x00000000eab00000, 0x00000000fec00000, 0x0000000100000000)
  eden space 292864K, 0% used [0x00000000eab00000,0x00000000eab00000,0x00000000fc900000)
  from space 15360K, 84% used [0x00000000fdd00000,0x00000000fe9bb458,0x00000000fec00000)
  to   space 17920K, 0% used [0x00000000fc900000,0x00000000fc900000,0x00000000fda80000)
 ParOldGen       total 46592K, used 19615K [0x00000000c0000000, 0x00000000c2d80000, 0x00000000eab00000)
  object space 46592K, 42% used [0x00000000c0000000,0x00000000c1327e00,0x00000000c2d80000)
 Metaspace       used 58259K, capacity 58688K, committed 58968K, reserved 1099776K
  class space    used 7505K, capacity 7689K, committed 7768K, reserved 1048576K
}
Event: 6.594 GC heap before
{Heap before GC invocations=13 (full 3):
 PSYoungGen      total 308224K, used 13037K [0x00000000eab00000, 0x00000000fec00000, 0x0000000100000000)
  eden space 292864K, 0% used [0x00000000eab00000,0x00000000eab00000,0x00000000fc900000)
  from space 15360K, 84% used [0x00000000fdd00000,0x00000000fe9bb458,0x00000000fec00000)
  to   space 17920K, 0% used [0x00000000fc900000,0x00000000fc900000,0x00000000fda80000)
 ParOldGen       total 46592K, used 19615K [0x00000000c0000000, 0x00000000c2d80000, 0x00000000eab00000)
  object space 46592K, 42% used [0x00000000c0000000,0x00000000c1327e00,0x00000000c2d80000)
 Metaspace       used 58259K, capacity 58688K, committed 58968K, reserved 1099776K
  class space    used 7505K, capacity 7689K, committed 7768K, reserved 1048576K
Event: 6.682 GC heap after
Heap after GC invocations=13 (full 3):
 PSYoungGen      total 308224K, used 0K [0x00000000eab00000, 0x00000000fec00000, 0x0000000100000000)
  eden space 292864K, 0% used [0x00000000eab00000,0x00000000eab00000,0x00000000fc900000)
  from space 15360K, 0% used [0x00000000fdd00000,0x00000000fdd00000,0x00000000fec00000)
  to   space 17920K, 0% used [0x00000000fc900000,0x00000000fc900000,0x00000000fda80000)
 ParOldGen       total 64000K, used 21811K [0x00000000c0000000, 0x00000000c3e80000, 0x00000000eab00000)
  object space 64000K, 34% used [0x00000000c0000000,0x00000000c154ce18,0x00000000c3e80000)
 Metaspace       used 58231K, capacity 58582K, committed 58968K, reserved 1099776K
  class space    used 7501K, capacity 7655K, committed 7768K, reserved 1048576K
}
Event: 1873.293 GC heap before
{Heap before GC invocations=14 (full 3):
 PSYoungGen      total 308224K, used 287889K [0x00000000eab00000, 0x00000000fec00000, 0x0000000100000000)
  eden space 292864K, 98% used [0x00000000eab00000,0x00000000fc4244d0,0x00000000fc900000)
  from space 15360K, 0% used [0x00000000fdd00000,0x00000000fdd00000,0x00000000fec00000)
  to   space 17920K, 0% used [0x00000000fc900000,0x00000000fc900000,0x00000000fda80000)
 ParOldGen       total 64000K, used 21811K [0x00000000c0000000, 0x00000000c3e80000, 0x00000000eab00000)
  object space 64000K, 34% used [0x00000000c0000000,0x00000000c154ce18,0x00000000c3e80000)
 Metaspace       used 73271K, capacity 76410K, committed 76632K, reserved 1114112K
  class space    used 9851K, capacity 12556K, committed 12632K, reserved 1048576K

